<?xml version="1.0" encoding="UTF-8"?>
<!-- Generated by org.testng.reporters.JUnitXMLReporter -->
<testsuite ignored="0" hostname="LP-PF2Y14YD" failures="0" tests="4" name="Default test" time="26.033" errors="0" timestamp="18 Feb 2024 07:52:10 GMT">
  <testcase classname="MavenDemo.SDET2.checkLoginFunc" name="validateLoginFunc" time="0.011"/>
  <testcase classname="MavenDemo.SDET2.checkLoginFunc" name="validateLoginFunc" time="0.0"/>
  <testcase classname="MavenDemo.SDET2.checkLoginFunc" name="validateLoginFunc" time="0.0"/>
  <testcase classname="MavenDemo.SDET2.checkLoginFunc" name="validateLoginFunc" time="0.0"/>
</testsuite> <!-- Default test -->
